[Bootstrap]
SetupTitle=Install
SetupText=Copying Files, please stand by.
CabFile=PC.CAB
Spawn=Setup1.exe
Uninstal=st6unst.exe
TmpDir=msftqws.pdw
Cabs=1

[Bootstrap Files]
File1=@VB6STKIT.DLL,$(WinSysPathSysFile),,,6-18-98 12:00:00 AM,102912,6.0.81.69
File2=@COMCAT.DLL,$(WinSysPathSysFile),$(DLLSelfRegister),,5-31-98 12:00:00 AM,22288,4.71.1460.1
File3=@stdole2.tlb,$(WinSysPathSysFile),$(TLBRegister),,8-3-04 1:00:00 PM,17920,3.50.5014.0
File4=@asycfilt.dll,$(WinSysPathSysFile),,,8-3-04 1:00:00 PM,65024,5.1.2600.2180
File5=@olepro32.dll,$(WinSysPathSysFile),$(DLLSelfRegister),,8-3-04 1:00:00 PM,83456,5.1.2600.2180
File6=@oleaut32.dll,$(WinSysPathSysFile),$(DLLSelfRegister),,8-3-04 1:00:00 PM,553472,5.1.2600.2180
File7=@msvbvm60.dll,$(WinSysPathSysFile),$(DLLSelfRegister),,8-3-04 1:00:00 PM,1392671,6.0.96.90

[IconGroups]
Group0=Qyeen
PrivateGroup0=True
Parent0=$(Programs)

[Qyeen]
Icon1="PC.EXE"
Title1=Qyeen
StartIn1=$(AppPath)

[Setup]
Title=Qyeen
DefaultDir=$(ProgramFiles)\Project1
AppExe=PC.EXE
AppToUninstall=PC.EXE

[Setup1 Files]
File1=@MDAC_TYP.EXE,$(AppPath),,$(Shared),6-26-98 12:00:00 AM,8124720,4.71.1015.0
File2=@agentctl.dll,$(WinSysPath),$(DLLSelfRegister),$(Shared),8-3-04 1:00:00 PM,214016,2.0.0.3422
File3=@comdlg32.ocx,$(WinSysPath),$(DLLSelfRegister),$(Shared),3-9-04 4:45:36 PM,152848,6.1.97.82
File4=@MSSTDFMT.DLL,$(WinSysPath),$(DLLSelfRegister),$(Shared),7-24-06 10:50:38 AM,125744,6.0.84.50
File5=@MSDBRPTR.DLL,$(WinSysPath),$(DLLSelfRegister),$(Shared),6-18-98 12:00:00 AM,299008,6.0.81.69
File6=@MSDERUN.DLL,$(CommonFiles)\designer,$(DLLSelfRegister),$(Shared),6-9-98 12:00:00 AM,137216,6.0.0.3005
File7=@MSBIND.DLL,$(WinSysPath),$(DLLSelfRegister),$(Shared),6-18-98 12:00:00 AM,77824,6.0.81.69
File8=@msado20.tlb,$(WinSysPath),,$(Shared),8-3-04 1:00:00 PM,61440,2.81.1117.0
File9=@MSADODC.OCX,$(WinSysPath),$(DLLSelfRegister),$(Shared),6-24-98 12:00:00 AM,118064,6.0.81.71
File10=@MSDATLST.OCX,$(WinSysPath),$(DLLSelfRegister),$(Shared),6-24-98 12:00:00 AM,232248,6.0.81.69
File11=@MSDATGRD.OCX,$(WinSysPath),$(DLLSelfRegister),$(Shared),6-24-98 12:00:00 AM,260920,6.0.81.69
File12=@PC.exe,$(AppPath),,$(Shared),7-28-10 10:09:39 AM,692224,1.0.0.0

; The following lines may be deleted in order to obtain extra 
; space for customizing this file on a full installation diskette.
; 
; XXXXXXXXXXXXXXXXXXXXXXXXXXXXXXXXXXXXXXXXXXXXXXXXXXXXXXXXXXXX
; XXXXXXXXXXXXXXXXXXXXXXXXXXXXXXXXXXXXXXXXXXXXXXXXXXXXXXXXXXXX
; XXXXXXXXXXXXXXXXXXXXXXXXXXXXXXXXXXXXXXXXXXXXXXXXXXXXXXXXXXXX
; XXXXXXXXXXXXXXXXXXXXXXXXXXXXXXXXXXXXXXXXXXXXXXXXXXXXXXXXXXXX
; XXXXXXXXXXXXXXXXXXXXXXXXXXXXXXXXXXXXXXXXXXXXXXXXXXXXXXXXXXXX
; XXXXXXXXXXXXXXXXXXXXXXXXXXXXXXXXXXXXXXXXXXXXXXXXXXXXXXXXXXXX
; XXXXXXXXXXXXXXXXXXXXXXXXXXXXXXXXXXXXXXXXXXXXXXXXXXXXXXXXXXXX
; XXXXXXXXXXXXXXXXXXXXXXXXXXXXXXXXXXXXXXXXXXXXXXXXXXXXXXXXXXXX
; XXXXXXXXXXXXXXXXXXXXXXXXXXXXXXXXXXXXXXXXXXXXXXXXXXXXXXXXXXXX
; XXXXXXXXXXXXXXXXXXXXXXXXXXXXXXXXXXXXXXXXXXXXXXXXXXXXXXXXXXXX
; XXXXXXXXXXXXXXXXXXXXXXXXXXXXXXXXXXXXXXXXXXXXXXXXXXXXXXXXXXXX
; XXXXXXXXXXXXXXXXXXXXXXXXXXXXXXXXXXXXXXXXXXXXXXXXXXXXXXXXXXXX
; XXXXXXXXXXXXXXXXXXXXXXXXXXXXXXXXXXXXXXXXXXXXXXXXXXXXXXXXXXXX
; XXXXXXXXXXXXXXXXXXXXXXXXXXXXXXXXXXXXXXXXXXXXXXXXXXXXXXXXXXXX
; XXXXXXXXXXXXXXXXXXXXXXXXXXXXXXXXXXXXXXXXXXXXXXXXXXXXXXXXXXXX
; XXXXXXXXXXXXXXXXXXXXXXXXXXXXXXXXXXXXXXXXXXXXXXXXXXXXXXXXXXXX
; XXXXXXXXXXXXXXXXXXXXXXXXXXXXXXXXXXXXXXXXXXXXXXXXXXXXXXXXXXXX
; XXXXXXXXXXXXXXXXXXXXXXXXXXXXXXXXXXXXXXXXXXXXXXXXXXXXXXXXXXXX
; XXXXXXXXXXXXXXXXXXXXXXXXXXXXXXXXXXXXXXXXXXXXXXXXXXXXXXXXXXXX
; XXXXXXXXXXXXXXXXXXXXXXXXXXXXXXXXXXXXXXXXXXXXXXXXXXXXXXXXXXXX
; XXXXXXXXXXXXXXXXXXXXXXXXXXXXXXXXXXXXXXXXXXXXXXXXXXXXXXXXXXXX
; XXXXXXXXXXXXXXXXXXXXXXXXXXXXXXXXXXXXXXXXXXXXXXXXXXXXXXXXXXXX
; XXXXXXXXXXXXXXXXXXXXXXXXXXXXXXXXXXXXXXXXXXXXXXXXXXXXXXXXXXXX
; XXXXXXXXXXXXXXXXXXXXXXXXXXXXXXXXXXXXXXXXXXXXXXXXXXXXXXXXXXXX
; XXXXXXXXXXXXXXXXXXXXXXXXXXXXXXXXXXXXXXXXXXXXXXXXXXXXXXXXXXXX
; XXXXXXXXXXXXXXXXXXXXXXXXXXXXXXXXXXXXXXXXXXXXXXXXXXXXXXXXXXXX
; XXXXXXXXXXXXXXXXXXXXXXXXXXXXXXXXXXXXXXXXXXXXXXXXXXXXXXXXXXXX
; XXXXXXXXXXXXXXXXXXXXXXXXXXXXXXXXXXXXXXXXXXXXXXXXXXXXXXXXXXXX
; XXXXXXXXXXXXXXXXXXXXXXXXXXXXXXXXXXXXXXXXXXXXXXXXXXXXXXXXXXXX
; XXXXXXXXXXXXXXXXXXXXXXXXXXXXXXXXXXXXXXXXXXXXXXXXXXXXXXXXXXXX
; XXXXXXXXXXXXXXXXXXXXXXXXXXXXXXXXXXXXXXXXXXXXXXXXXXXXXXXXXXXX
; XXXXXXXXXXXXXXXXXXXXXXXXXXXXXXXXXXXXXXXXXXXXXXXXXXXXXXXXXXXX
; XXXXXXXXXXXXXXXXXXXXXXXXXXXXXXXXXXXXXXXXXXXXXXXXXXXXXXXXXXXX
; XXXXXXXXXXXXXXXXXXXXXXXXXXXXXXXXXXXXXXXXXXXXXXXXXXXXXXXXXXXX
; XXXXXXXXXXXXXXXXXXXXXXXXXXXXXXXXXXXXXXXXXXXXXXXXXXXXXXXXXXXX
